2016-06-22 14:02:29.4540 - INFO:URL=http://localhost:31980/|Status=200|IP=::1|Controller=Home|Action=Index|StartTime=06/22/2016 14:02:21|RequestData=[null]|EndTime=06/22/2016 14:02:28|ResponseData=06/22/2016 14:02:28|responseData={"ClientName":"sven","Date":"2016-06-22T00:00:00+08:00","TermsAccepted":true}|Message=| MvcApplication3.Filters.LogInfoMessage.OnActionExecuted(d:\OwnRepor\test\MvcApplication3\MvcApplication3\Filters\ExecutionTimingAttribute.cs:180) 
2016-06-22 14:05:07.3570 - WARN:URL=http://localhost:31980/Home/submit?ClientName=Pengzhen&Date=2016-06-22T06:03:42.413Z&TermsAccepted=true|Status=400|IP=::1|Controller=Home|Action=submit|StartTime=06/22/2016 14:03:42|RequestData=[{"ClientName":"Pengzhen","Date":"2016-06-22T14:03:42.413+08:00","TermsAccepted":true}]|EndTime=06/22/2016 14:05:05|ResponseData=06/22/2016 14:05:05|responseData={"header":{"RspStatus":400,"RspDesc":"Please enter a date in the future","Key":"Date"},"body":null}|Message=| MvcApplication3.Filters.LogInfoMessage.OnActionExecuted(d:\OwnRepor\test\MvcApplication3\MvcApplication3\Filters\ExecutionTimingAttribute.cs:180) 
2016-06-22 14:05:14.6030 - WARN:URL=http://localhost:31980/Home/submit?ClientName=Pengzhen&Date=2016-06-22T06:05:14.597Z&TermsAccepted=true|Status=400|IP=::1|Controller=Home|Action=submit|StartTime=06/22/2016 14:05:14|RequestData=[{"ClientName":"Pengzhen","Date":"2016-06-22T14:05:14.597+08:00","TermsAccepted":true}]|EndTime=06/22/2016 14:05:14|ResponseData=06/22/2016 14:05:14|responseData={"header":{"RspStatus":400,"RspDesc":"Please enter a date in the future","Key":"Date"},"body":null}|Message=| MvcApplication3.Filters.LogInfoMessage.OnActionExecuted(d:\OwnRepor\test\MvcApplication3\MvcApplication3\Filters\ExecutionTimingAttribute.cs:180) 
2016-06-22 14:21:24.7750 - WARN:URL=http://localhost:31980/Home/submit?ClientName=Pengzhen&Date=2016-06-22T06:21:04.116Z&TermsAccepted=true|Status=400|IP=::1|Controller=Home|Action=submit|StartTime=06/22/2016 14:21:04|RequestData=[{"ClientName":"Pengzhen","Date":"2016-06-22T14:21:04.116+08:00","TermsAccepted":true}]|EndTime=06/22/2016 14:21:24|ResponseData=06/22/2016 14:21:24|responseData={"header":{"RspStatus":400,"RspDesc":"Please enter a date in the future","Key":"Date"},"body":null}|Message=| MvcApplication3.Filters.LogInfoMessage.OnActionExecuted(d:\OwnRepor\test\MvcApplication3\MvcApplication3\Filters\ExecutionTimingAttribute.cs:180) 
2016-06-22 14:21:58.4300 - INFO:URL=http://localhost:31980/|Status=200|IP=::1|Controller=Home|Action=Index|StartTime=06/22/2016 14:21:46|RequestData=[null]|EndTime=06/22/2016 14:21:57|ResponseData=06/22/2016 14:21:57|responseData={"ClientName":"sven","Date":"2016-06-22T00:00:00+08:00","TermsAccepted":true}|Message=| MvcApplication3.Filters.LogInfoMessage.OnActionExecuted(d:\OwnRepor\test\MvcApplication3\MvcApplication3\Filters\ExecutionTimingAttribute.cs:180) 
2016-06-22 14:34:52.9710 - ERROR:全局异常,url:http://localhost:31980/ MvcApplication3.MvcApplication.Application_Error(d:\OwnRepor\test\MvcApplication3\MvcApplication3\Global.asax.cs:35) System.InvalidCastException 无法将类型为“System.Web.Mvc.ViewResult”的对象强制转换为类型“System.Web.Mvc.JsonResult”。 Void OnActionExecuted(System.Web.Mvc.ActionExecutedContext)    在 MvcApplication3.Filters.LogInfoMessage.OnActionExecuted(ActionExecutedContext filterContext) 位置 d:\OwnRepor\test\MvcApplication3\MvcApplication3\Filters\ExecutionTimingAttribute.cs:行号 180
   在 System.Web.Mvc.Async.AsyncControllerActionInvoker.<>c__DisplayClass4f.<InvokeActionMethodFilterAsynchronously>b__49()
   在 System.Web.Mvc.Async.AsyncControllerActionInvoker.<>c__DisplayClass4f.<InvokeActionMethodFilterAsynchronously>b__49()
   在 System.Web.Mvc.Async.AsyncControllerActionInvoker.<>c__DisplayClass37.<BeginInvokeActionMethodWithFilters>b__36(IAsyncResult asyncResult)
   在 System.Web.Mvc.Async.AsyncResultWrapper.WrappedAsyncResult`1.End()
   在 System.Web.Mvc.Async.AsyncControllerActionInvoker.EndInvokeActionMethodWithFilters(IAsyncResult asyncResult)
   在 System.Web.Mvc.Async.AsyncControllerActionInvoker.<>c__DisplayClass25.<>c__DisplayClass2a.<BeginInvokeAction>b__20()
   在 System.Web.Mvc.Async.AsyncControllerActionInvoker.<>c__DisplayClass25.<BeginInvokeAction>b__22(IAsyncResult asyncResult)
   在 System.Web.Mvc.Async.AsyncResultWrapper.WrappedAsyncResult`1.End()
   在 System.Web.Mvc.Async.AsyncControllerActionInvoker.EndInvokeAction(IAsyncResult asyncResult)
   在 System.Web.Mvc.Controller.<>c__DisplayClass1d.<BeginExecuteCore>b__18(IAsyncResult asyncResult)
   在 System.Web.Mvc.Async.AsyncResultWrapper.<>c__DisplayClass4.<MakeVoidDelegate>b__3(IAsyncResult ar)
   在 System.Web.Mvc.Async.AsyncResultWrapper.WrappedAsyncResult`1.End()
   在 System.Web.Mvc.Controller.EndExecuteCore(IAsyncResult asyncResult)
   在 System.Web.Mvc.Async.AsyncResultWrapper.<>c__DisplayClass4.<MakeVoidDelegate>b__3(IAsyncResult ar)
   在 System.Web.Mvc.Async.AsyncResultWrapper.WrappedAsyncResult`1.End()
   在 System.Web.Mvc.Controller.EndExecute(IAsyncResult asyncResult)
   在 System.Web.Mvc.Controller.System.Web.Mvc.Async.IAsyncController.EndExecute(IAsyncResult asyncResult)
   在 System.Web.Mvc.MvcHandler.<>c__DisplayClass8.<BeginProcessRequest>b__3(IAsyncResult asyncResult)
   在 System.Web.Mvc.Async.AsyncResultWrapper.<>c__DisplayClass4.<MakeVoidDelegate>b__3(IAsyncResult ar)
   在 System.Web.Mvc.Async.AsyncResultWrapper.WrappedAsyncResult`1.End()
   在 System.Web.Mvc.MvcHandler.EndProcessRequest(IAsyncResult asyncResult)
   在 System.Web.Mvc.MvcHandler.System.Web.IHttpAsyncHandler.EndProcessRequest(IAsyncResult result)
   在 System.Web.HttpApplication.CallHandlerExecutionStep.System.Web.HttpApplication.IExecutionStep.Execute()
   在 System.Web.HttpApplication.ExecuteStep(IExecutionStep step, Boolean& completedSynchronously)
2016-06-22 14:36:59.4950 - INFO:URL=http://localhost:31980/|Status=200|IP=::1|Controller=Home|Action=Index|StartTime=06/22/2016 14:36:51|RequestData=[null]|EndTime=06/22/2016 14:36:58|ResponseData=06/22/2016 14:36:58|responseData={"ClientName":"sven","Date":"2016-06-22T00:00:00+08:00","TermsAccepted":true}|Message=| MvcApplication3.Filters.LogInfoMessage.OnActionExecuted(d:\OwnRepor\test\MvcApplication3\MvcApplication3\Filters\ExecutionTimingAttribute.cs:190) 
2016-06-22 14:38:04.3180 - INFO:URL=http://localhost:31980/|Status=200|IP=::1|Controller=Home|Action=Index|StartTime=06/22/2016 14:37:54|RequestData=[null]|EndTime=06/22/2016 14:38:03|ResponseData=06/22/2016 14:38:03|responseData={"ClientName":"sven","Date":"2016-06-22T00:00:00+08:00","TermsAccepted":true}|Message=| MvcApplication3.Filters.LogInfoMessage.OnActionExecuted(d:\OwnRepor\test\MvcApplication3\MvcApplication3\Filters\ExecutionTimingAttribute.cs:190) 
2016-06-22 14:42:00.0170 - INFO:URL=http://localhost:31980/|Status=200|IP=::1|Controller=Home|Action=Index|StartTime=06/22/2016 14:41:55|RequestData=[null]|EndTime=06/22/2016 14:41:59|ResponseData=06/22/2016 14:41:59|responseData={"ClientName":"sven","Date":"2016-06-22T00:00:00+08:00","TermsAccepted":true}|Message=| MvcApplication3.Filters.LogInfoMessage.OnActionExecuted(d:\OwnRepor\test\MvcApplication3\MvcApplication3\Filters\ExecutionTimingAttribute.cs:190) 
2016-06-22 14:42:11.9570 - INFO:URL=http://localhost:31980/Home/submit?ClientName=Pengzhen&Date=2016-07-06T16:00:00.000Z&TermsAccepted=true|Status=200|IP=::1|Controller=Home|Action=submit|StartTime=06/22/2016 14:42:03|RequestData=[{"ClientName":"Pengzhen","Date":"2016-07-07T00:00:00+08:00","TermsAccepted":true}]|EndTime=06/22/2016 14:42:09|ResponseData=06/22/2016 14:42:09|responseData={"ClientName":"xiao song"}|Message=| MvcApplication3.Filters.LogInfoMessage.OnActionExecuted(d:\OwnRepor\test\MvcApplication3\MvcApplication3\Filters\ExecutionTimingAttribute.cs:190) 
2016-06-22 14:43:53.4880 - INFO:URL=http://localhost:31980/Home/submit?ClientName=Pengzhen&Date=2016-07-06T16:00:00.000Z&TermsAccepted=true|Status=200|IP=::1|Controller=Home|Action=submit|StartTime=06/22/2016 14:43:04|RequestData=[{"ClientName":"Pengzhen","Date":"2016-07-07T00:00:00+08:00","TermsAccepted":true}]|EndTime=06/22/2016 14:43:49|ResponseData=06/22/2016 14:43:49|responseData={"ClientName":"xiao song"}|Message=| MvcApplication3.Filters.LogInfoMessage.OnActionExecuted(d:\OwnRepor\test\MvcApplication3\MvcApplication3\Filters\ExecutionTimingAttribute.cs:190) 
2016-06-22 14:45:45.3360 - INFO:URL=http://localhost:31980/Home/submit?ClientName=Pengzhen&Date=2016-07-06T16:00:00.000Z&TermsAccepted=true|Status=200|IP=::1|Controller=Home|Action=submit|StartTime=06/22/2016 14:44:03|RequestData=[{"ClientName":"Pengzhen","Date":"2016-07-07T00:00:00+08:00","TermsAccepted":true}]|EndTime=06/22/2016 14:44:19|ResponseData=06/22/2016 14:44:19|responseData={"ClientName":"xiao song"}|Message=| MvcApplication3.Filters.LogInfoMessage.OnActionExecuted(d:\OwnRepor\test\MvcApplication3\MvcApplication3\Filters\ExecutionTimingAttribute.cs:190) 
2016-06-22 14:48:47.8930 - INFO:URL=http://localhost:31980/|Status=200|IP=::1|Controller=Home|Action=Index|StartTime=06/22/2016 14:48:41|RequestData=[null]|EndTime=06/22/2016 14:48:46|ResponseData=06/22/2016 14:48:46|responseData={"ClientName":"sven","Date":"2016-06-22T00:00:00+08:00","TermsAccepted":true}|Message=| MvcApplication3.Filters.LogInfoMessage.OnActionExecuted(d:\OwnRepor\test\MvcApplication3\MvcApplication3\Filters\ExecutionTimingAttribute.cs:190) 
2016-06-22 14:49:14.7580 - INFO:URL=http://localhost:31980/Home/submit?ClientName=Pengzhen&Date=2016-07-06T16:00:00.000Z&TermsAccepted=true|Status=200|IP=::1|Controller=Home|Action=submit|StartTime=06/22/2016 14:48:55|RequestData=[{"ClientName":"Pengzhen","Date":"2016-07-07T00:00:00+08:00","TermsAccepted":true}]|EndTime=06/22/2016 14:49:12|ResponseData=06/22/2016 14:49:12|responseData={"ClientName":"xiao song"}|Message=| MvcApplication3.Filters.LogInfoMessage.OnActionExecuted(d:\OwnRepor\test\MvcApplication3\MvcApplication3\Filters\ExecutionTimingAttribute.cs:190) 
2016-06-22 15:28:03.6790 - INFO:URL=http://localhost:31980/|Status=200|IP=::1|Controller=Home|Action=Index|StartTime=06/22/2016 15:27:52|RequestData=[null]|EndTime=06/22/2016 15:28:02|ResponseData=06/22/2016 15:28:02|responseData={"ClientName":"sven","Date":"2016-06-22T00:00:00+08:00","TermsAccepted":true}|Message=| MvcApplication3.Filters.LogInfoMessage.OnActionExecuted(d:\OwnRepor\test\MvcApplication3\MvcApplication3\Filters\ExecutionTimingAttribute.cs:213) 
2016-06-22 15:28:24.7600 - INFO:URL=http://localhost:31980/Home/submit?ClientName=Pengzhen&Date=2016-07-06T16:00:00.000Z&TermsAccepted=true|Status=200|IP=::1|Controller=Home|Action=submit|StartTime=06/22/2016 15:28:06|RequestData=[{"ClientName":"Pengzhen","Date":"2016-07-07T00:00:00+08:00","TermsAccepted":true}]|EndTime=06/22/2016 15:28:24|ResponseData=06/22/2016 15:28:24|responseData={"ClientName":"xiao song"}|Message=| MvcApplication3.Filters.LogInfoMessage.OnActionExecuted(d:\OwnRepor\test\MvcApplication3\MvcApplication3\Filters\ExecutionTimingAttribute.cs:213) 
2016-06-22 15:31:50.3020 - INFO:URL=http://localhost:31980/|Status=200|IP=::1|Controller=Home|Action=Index|StartTime=06/22/2016 15:31:27|RequestData=[null]|EndTime=06/22/2016 15:31:49|ResponseData=06/22/2016 15:31:49|responseData={"ClientName":"sven","Date":"2016-06-22T00:00:00+08:00","TermsAccepted":true}|Message=| MvcApplication3.Filters.LogInfoMessage.OnActionExecuted(d:\OwnRepor\test\MvcApplication3\MvcApplication3\Filters\ExecutionTimingAttribute.cs:214) 
2016-06-22 15:32:14.9400 - INFO:URL=http://localhost:31980/Home/submit?ClientName=Pengzhen&Date=2016-06-22T07:31:54.653Z&TermsAccepted=true|Status=400|IP=::1|Controller=Home|Action=submit|StartTime=06/22/2016 15:31:54|RequestData=[{"ClientName":"Pengzhen","Date":"2016-06-22T15:31:54.653+08:00","TermsAccepted":true}]|EndTime=06/22/2016 15:31:49|ResponseData=06/22/2016 15:31:49|responseData={"ClientName":"sven","Date":"2016-06-22T00:00:00+08:00","TermsAccepted":true}|Message=Please enter a date in the future| MvcApplication3.Filters.LogInfoMessage.OnActionExecuting(d:\OwnRepor\test\MvcApplication3\MvcApplication3\Filters\ExecutionTimingAttribute.cs:164) 
2016-06-22 16:41:38.4240 - INFO:URL=http://localhost:31980/|Status=200|Elapsed time= 2126ms ||IP=::1|Controller=Home|Action=Index|StartTime=06/22/2016 16:41:32|RequestData=[null]|EndTime=06/22/2016 16:41:37|ResponseData=06/22/2016 16:41:37|responseData={"ClientName":"sven","Date":"2016-06-22T00:00:00+08:00","TermsAccepted":true}|Message=| MvcApplication3.Filters.LogInfoMessage.OnActionExecuted(d:\OwnRepor\test\MvcApplication3\MvcApplication3\Filters\ExecutionTimingAttribute.cs:217) 
2016-06-22 16:42:41.0530 - INFO:URL=http://localhost:31980/Home/submit?ClientName=Pengzhen&Date=2016-06-22T08:41:42.613Z&TermsAccepted=true|Status=400|Elapsed time= 25982ms ||IP=::1|Controller=Home|Action=submit|StartTime=06/22/2016 16:41:42|RequestData=[{"ClientName":"Pengzhen","Date":"2016-06-22T16:41:42.613+08:00","TermsAccepted":true}]|EndTime=2016-06-22 16:42:39|ResponseData=2016-06-22 16:42:39|responseData={"ClientName":"sven","Date":"2016-06-22T00:00:00+08:00","TermsAccepted":true}|Message=Please enter a date in the future| MvcApplication3.Filters.LogInfoMessage.OnActionExecuting(d:\OwnRepor\test\MvcApplication3\MvcApplication3\Filters\ExecutionTimingAttribute.cs:169) 
2016-06-22 16:47:51.2930 - INFO:URL=http://localhost:31980/|Status=200|Elapsed time= 1216ms ||IP=::1|Controller=Home|Action=Index|StartTime=06/22/2016 16:47:47|RequestData=[null]|EndTime=06/22/2016 16:47:50|ResponseData=06/22/2016 16:47:50|responseData={"ClientName":"sven","Date":"2016-06-22T00:00:00+08:00","TermsAccepted":true}|Message=Please enter a date in the future| MvcApplication3.Filters.LogInfoMessage.OnActionExecuted(d:\OwnRepor\test\MvcApplication3\MvcApplication3\Filters\ExecutionTimingAttribute.cs:217) 
2016-06-22 16:51:00.1840 - INFO:URL=http://localhost:31980/Home/submit?ClientName=Pengzhen&Date=2016-07-06T16:00:00.000Z&TermsAccepted=true|Status=200|Elapsed time= 80481ms ||IP=::1|Controller=Home|Action=submit|StartTime=06/22/2016 16:47:54|RequestData=[{"ClientName":"Pengzhen","Date":"2016-07-07T00:00:00+08:00","TermsAccepted":true}]|EndTime=06/22/2016 16:49:29|ResponseData=06/22/2016 16:49:29|responseData={"ClientName":null}|Message=【查无结果】酒店具体信息房型列表,url:http://localhost:31980/Home/submit?ClientName=Pengzhen&Date=2016-07-06T16:00:00.000Z&TermsAccepted=true| MvcApplication3.Filters.LogInfoMessage.OnActionExecuted(d:\OwnRepor\test\MvcApplication3\MvcApplication3\Filters\ExecutionTimingAttribute.cs:217) 
2016-06-22 16:53:40.5720 - INFO:URL=http://localhost:31980/Home/submit?ClientName=Pengzhen&Date=2016-07-06T16:00:00.000Z&TermsAccepted=true|Status=200|Elapsed time= 33263ms ||IP=::1|Controller=Home|Action=submit|StartTime=06/22/2016 16:51:03|RequestData=[{"ClientName":"Pengzhen","Date":"2016-07-07T00:00:00+08:00","TermsAccepted":true}]|EndTime=06/22/2016 16:51:43|ResponseData=06/22/2016 16:51:43|responseData={"ClientName":null}|Message=【查无结果】酒店具体信息房型列表,url:http://localhost:31980/Home/submit?ClientName=Pengzhen&Date=2016-07-06T16:00:00.000Z&TermsAccepted=true| MvcApplication3.Filters.LogInfoMessage.OnActionExecuted(d:\OwnRepor\test\MvcApplication3\MvcApplication3\Filters\ExecutionTimingAttribute.cs:217) 
2016-06-22 19:07:14.7080 - INFO:URL=http://localhost:31980/|Status=200|Elapsed time= 14123ms ||IP=::1|Controller=Home|Action=Index|StartTime=06/22/2016 19:06:55|RequestData=[null]|EndTime=06/22/2016 19:07:13|ResponseData=06/22/2016 19:07:13|responseData={"ClientName":"sven","Date":"2016-06-22T00:00:00+08:00","TermsAccepted":true}|Message=| MvcApplication3.Filters.LogInfoMessage.OnActionExecuted(d:\OwnRepor\test\MvcApplication3\MvcApplication3\Filters\ExecutionTimingAttribute.cs:222) 
2016-06-22 19:09:21.0320 - INFO:URL=http://localhost:31980/Home/submit?ClientName=Pengzhen&Date=2016-07-06T16:00:00.000Z&TermsAccepted=true|Status=200|Elapsed time= 15851ms ||IP=::1|Controller=Home|Action=submit|StartTime=06/22/2016 19:07:23|RequestData=[{"ClientName":"Pengzhen","Date":"2016-07-07T00:00:00+08:00","TermsAccepted":true}]|EndTime=06/22/2016 19:07:56|ResponseData=06/22/2016 19:07:56|responseData={"ClientName":null}|Message=【查无结果】酒店具体信息房型列表,url:http://localhost:31980/Home/submit?ClientName=Pengzhen&Date=2016-07-06T16:00:00.000Z&TermsAccepted=true| MvcApplication3.Filters.LogInfoMessage.OnActionExecuted(d:\OwnRepor\test\MvcApplication3\MvcApplication3\Filters\ExecutionTimingAttribute.cs:222) 
2016-06-22 19:14:40.3420 - INFO:URL=http://localhost:31980/|Status=200|Elapsed time= 2004ms ||IP=::1|Controller=Home|Action=Index|StartTime=06/22/2016 19:14:34|RequestData=[null]|EndTime=06/22/2016 19:14:39|ResponseData=06/22/2016 19:14:39|responseData={"ClientName":"sven","Date":"2016-06-22T00:00:00+08:00","TermsAccepted":true}|Message=| MvcApplication3.Filters.LogInfoMessage.OnActionExecuted(d:\OwnRepor\test\MvcApplication3\MvcApplication3\Filters\ExecutionTimingAttribute.cs:222) 
2016-06-22 19:14:55.5460 - ERROR:全局异常,url:http://localhost:31980/ MvcApplication3.MvcApplication.Application_Error(d:\OwnRepor\test\MvcApplication3\MvcApplication3\Global.asax.cs:35) System.InvalidCastException 无法将类型为“System.Web.Mvc.ViewResult”的对象强制转换为类型“System.Web.Mvc.JsonResult”。 Void OnActionExecuted(System.Web.Mvc.ActionExecutedContext)    在 MvcApplication3.Filters.LogInfoMessage.OnActionExecuted(ActionExecutedContext filterContext) 位置 d:\OwnRepor\test\MvcApplication3\MvcApplication3\Filters\ExecutionTimingAttribute.cs:行号 223
   在 System.Web.Mvc.Async.AsyncControllerActionInvoker.<>c__DisplayClass4f.<InvokeActionMethodFilterAsynchronously>b__49()
   在 System.Web.Mvc.Async.AsyncControllerActionInvoker.<>c__DisplayClass4f.<InvokeActionMethodFilterAsynchronously>b__49()
   在 System.Web.Mvc.Async.AsyncControllerActionInvoker.<>c__DisplayClass37.<BeginInvokeActionMethodWithFilters>b__36(IAsyncResult asyncResult)
   在 System.Web.Mvc.Async.AsyncResultWrapper.WrappedAsyncResult`1.End()
   在 System.Web.Mvc.Async.AsyncControllerActionInvoker.EndInvokeActionMethodWithFilters(IAsyncResult asyncResult)
   在 System.Web.Mvc.Async.AsyncControllerActionInvoker.<>c__DisplayClass25.<>c__DisplayClass2a.<BeginInvokeAction>b__20()
   在 System.Web.Mvc.Async.AsyncControllerActionInvoker.<>c__DisplayClass25.<BeginInvokeAction>b__22(IAsyncResult asyncResult)
   在 System.Web.Mvc.Async.AsyncResultWrapper.WrappedAsyncResult`1.End()
   在 System.Web.Mvc.Async.AsyncControllerActionInvoker.EndInvokeAction(IAsyncResult asyncResult)
   在 System.Web.Mvc.Controller.<>c__DisplayClass1d.<BeginExecuteCore>b__18(IAsyncResult asyncResult)
   在 System.Web.Mvc.Async.AsyncResultWrapper.<>c__DisplayClass4.<MakeVoidDelegate>b__3(IAsyncResult ar)
   在 System.Web.Mvc.Async.AsyncResultWrapper.WrappedAsyncResult`1.End()
   在 System.Web.Mvc.Controller.EndExecuteCore(IAsyncResult asyncResult)
   在 System.Web.Mvc.Async.AsyncResultWrapper.<>c__DisplayClass4.<MakeVoidDelegate>b__3(IAsyncResult ar)
   在 System.Web.Mvc.Async.AsyncResultWrapper.WrappedAsyncResult`1.End()
   在 System.Web.Mvc.Controller.EndExecute(IAsyncResult asyncResult)
   在 System.Web.Mvc.Controller.System.Web.Mvc.Async.IAsyncController.EndExecute(IAsyncResult asyncResult)
   在 System.Web.Mvc.MvcHandler.<>c__DisplayClass8.<BeginProcessRequest>b__3(IAsyncResult asyncResult)
   在 System.Web.Mvc.Async.AsyncResultWrapper.<>c__DisplayClass4.<MakeVoidDelegate>b__3(IAsyncResult ar)
   在 System.Web.Mvc.Async.AsyncResultWrapper.WrappedAsyncResult`1.End()
   在 System.Web.Mvc.MvcHandler.EndProcessRequest(IAsyncResult asyncResult)
   在 System.Web.Mvc.MvcHandler.System.Web.IHttpAsyncHandler.EndProcessRequest(IAsyncResult result)
   在 System.Web.HttpApplication.CallHandlerExecutionStep.System.Web.HttpApplication.IExecutionStep.Execute()
   在 System.Web.HttpApplication.ExecuteStep(IExecutionStep step, Boolean& completedSynchronously)
2016-06-22 19:17:45.3380 - INFO:URL=http://localhost:31980/|Status=200|Elapsed time= 4998ms ||IP=::1|Controller=Home|Action=Index|StartTime=06/22/2016 19:17:14|RequestData=[null]|EndTime=06/22/2016 19:17:23|ResponseData=06/22/2016 19:17:23|responseData={"ClientName":"sven","Date":"2016-06-22T00:00:00+08:00","TermsAccepted":true}|Message=| MvcApplication3.Filters.LogInfoMessage.OnActionExecuted(d:\OwnRepor\test\MvcApplication3\MvcApplication3\Filters\ExecutionTimingAttribute.cs:222) 
2016-06-22 19:18:41.2130 - INFO:URL=http://localhost:31980/|Status=200|Elapsed time= 5988ms ||IP=::1|Controller=Home|Action=Index|StartTime=06/22/2016 19:18:23|RequestData=[null]|EndTime=06/22/2016 19:18:32|ResponseData=06/22/2016 19:18:32|responseData={"ClientName":"sven","Date":"2016-06-22T00:00:00+08:00","TermsAccepted":true}|Message=| MvcApplication3.Filters.LogInfoMessage.OnActionExecuted(d:\OwnRepor\test\MvcApplication3\MvcApplication3\Filters\ExecutionTimingAttribute.cs:222) 
2016-06-22 19:19:45.4920 - INFO:URL=http://localhost:31980/Home/submit?ClientName=Pengzhen&Date=2016-07-06T16:00:00.000Z&TermsAccepted=true|Status=200|Elapsed time= 5679ms ||IP=::1|Controller=Home|Action=submit|StartTime=06/22/2016 19:18:54|RequestData=[{"ClientName":"Pengzhen","Date":"2016-07-07T00:00:00+08:00","TermsAccepted":true}]|EndTime=06/22/2016 19:19:06|ResponseData=06/22/2016 19:19:06|responseData={"ClientName":null}|Message=【查无结果】酒店具体信息房型列表,url:http://localhost:31980/Home/submit?ClientName=Pengzhen&Date=2016-07-06T16:00:00.000Z&TermsAccepted=true| MvcApplication3.Filters.LogInfoMessage.OnActionExecuted(d:\OwnRepor\test\MvcApplication3\MvcApplication3\Filters\ExecutionTimingAttribute.cs:222) 
