2016-06-14 19:30:05.9763 - INFO:IP=::1|Controller=Home|Action=Index|TimeStamp=2016/6/14 19:30:05| MvcApplication3.Filters.ExecutionTimingAttribute.OnActionExecuting(d:\MyConfiguration\spz33386\Documents\Visual Studio 2012\Projects\MvcApplication3\MvcApplication3\Filters\ExecutionTimingAttribute.cs:46) 
2016-06-14 19:30:16.6093 - INFO:IP=::1|Controller=Home|Action=submit|TimeStamp=2016/6/14 19:30:16| MvcApplication3.Filters.ExecutionTimingAttribute.OnActionExecuting(d:\MyConfiguration\spz33386\Documents\Visual Studio 2012\Projects\MvcApplication3\MvcApplication3\Filters\ExecutionTimingAttribute.cs:46) 
2016-06-14 20:05:06.4843 - INFO:IP=::1|Controller=Home|Action=Index|TimeStamp=2016/6/14 20:05:06| MvcApplication3.Filters.ExecutionTimingAttribute.OnActionExecuting(d:\MyConfiguration\spz33386\Documents\Visual Studio 2012\Projects\MvcApplication3\MvcApplication3\Filters\ExecutionTimingAttribute.cs:46) 
2016-06-14 20:05:32.3443 - INFO:IP=::1|Controller=Home|Action=Index|TimeStamp=2016/6/14 20:05:32| MvcApplication3.Filters.ExecutionTimingAttribute.OnActionExecuting(d:\MyConfiguration\spz33386\Documents\Visual Studio 2012\Projects\MvcApplication3\MvcApplication3\Filters\ExecutionTimingAttribute.cs:46) 
2016-06-14 20:05:37.6613 - INFO:IP=::1|Controller=Home|Action=submit|TimeStamp=2016/6/14 20:05:37| MvcApplication3.Filters.ExecutionTimingAttribute.OnActionExecuting(d:\MyConfiguration\spz33386\Documents\Visual Studio 2012\Projects\MvcApplication3\MvcApplication3\Filters\ExecutionTimingAttribute.cs:46) 
2016-06-14 20:06:32.7613 - INFO:IP=::1|Controller=Home|Action=submit|TimeStamp=2016/6/14 20:06:32| MvcApplication3.Filters.ExecutionTimingAttribute.OnActionExecuting(d:\MyConfiguration\spz33386\Documents\Visual Studio 2012\Projects\MvcApplication3\MvcApplication3\Filters\ExecutionTimingAttribute.cs:46) 
2016-06-14 20:07:36.0543 - INFO:IP=::1|Controller=Home|Action=Index|TimeStamp=2016/6/14 20:07:35| MvcApplication3.Filters.ExecutionTimingAttribute.OnActionExecuting(d:\MyConfiguration\spz33386\Documents\Visual Studio 2012\Projects\MvcApplication3\MvcApplication3\Filters\ExecutionTimingAttribute.cs:46) 
2016-06-14 20:07:58.4653 - INFO:IP=::1|Controller=Home|Action=submit|TimeStamp=2016/6/14 20:07:58| MvcApplication3.Filters.ExecutionTimingAttribute.OnActionExecuting(d:\MyConfiguration\spz33386\Documents\Visual Studio 2012\Projects\MvcApplication3\MvcApplication3\Filters\ExecutionTimingAttribute.cs:46) 
2016-06-14 20:08:04.4323 - ERROR:全局异常,url:http://localhost:31980/Home/submit?ClientName=Pengzhen&Date=2016-07-06T16:00:00.000Z&TermsAccepted=true MvcApplication3.MvcApplication.Application_Error(d:\MyConfiguration\spz33386\Documents\Visual Studio 2012\Projects\MvcApplication3\MvcApplication3\Global.asax.cs:35) System.DivideByZeroException 尝试除以零。 MvcApplication3.ViewModel.OrderView getOrderbyID(MvcApplication3.ParaModel.OrderParaModel)    在 MvcApplication3.Service.OrderService.getOrderbyID(OrderParaModel orderParaModel) 位置 d:\MyConfiguration\spz33386\Documents\Visual Studio 2012\Projects\MvcApplication3\MvcApplication3\Service\OrderService.cs:行号 30
   在 MvcApplication3.Controllers.HomeController.Submit(OrderParaModel orderParaModel) 位置 d:\MyConfiguration\spz33386\Documents\Visual Studio 2012\Projects\MvcApplication3\MvcApplication3\Controllers\HomeController.cs:行号 34
   在 lambda_method(Closure , ControllerBase , Object[] )
   在 System.Web.Mvc.ActionMethodDispatcher.Execute(ControllerBase controller, Object[] parameters)
   在 System.Web.Mvc.ReflectedActionDescriptor.Execute(ControllerContext controllerContext, IDictionary`2 parameters)
   在 System.Web.Mvc.ControllerActionInvoker.InvokeActionMethod(ControllerContext controllerContext, ActionDescriptor actionDescriptor, IDictionary`2 parameters)
   在 System.Web.Mvc.Async.AsyncControllerActionInvoker.<>c__DisplayClass42.<BeginInvokeSynchronousActionMethod>b__41()
   在 System.Web.Mvc.Async.AsyncResultWrapper.<>c__DisplayClass8`1.<BeginSynchronous>b__7(IAsyncResult _)
   在 System.Web.Mvc.Async.AsyncResultWrapper.WrappedAsyncResult`1.End()
   在 System.Web.Mvc.Async.AsyncControllerActionInvoker.EndInvokeActionMethod(IAsyncResult asyncResult)
   在 System.Web.Mvc.Async.AsyncControllerActionInvoker.<>c__DisplayClass37.<>c__DisplayClass39.<BeginInvokeActionMethodWithFilters>b__33()
   在 System.Web.Mvc.Async.AsyncControllerActionInvoker.<>c__DisplayClass4f.<InvokeActionMethodFilterAsynchronously>b__49()
   在 System.Web.Mvc.Async.AsyncControllerActionInvoker.<>c__DisplayClass4f.<InvokeActionMethodFilterAsynchronously>b__49()
   在 System.Web.Mvc.Async.AsyncControllerActionInvoker.<>c__DisplayClass37.<BeginInvokeActionMethodWithFilters>b__36(IAsyncResult asyncResult)
   在 System.Web.Mvc.Async.AsyncResultWrapper.WrappedAsyncResult`1.End()
   在 System.Web.Mvc.Async.AsyncControllerActionInvoker.EndInvokeActionMethodWithFilters(IAsyncResult asyncResult)
   在 System.Web.Mvc.Async.AsyncControllerActionInvoker.<>c__DisplayClass25.<>c__DisplayClass2a.<BeginInvokeAction>b__20()
   在 System.Web.Mvc.Async.AsyncControllerActionInvoker.<>c__DisplayClass25.<BeginInvokeAction>b__22(IAsyncResult asyncResult)
   在 System.Web.Mvc.Async.AsyncResultWrapper.WrappedAsyncResult`1.End()
   在 System.Web.Mvc.Async.AsyncControllerActionInvoker.EndInvokeAction(IAsyncResult asyncResult)
   在 System.Web.Mvc.Controller.<>c__DisplayClass1d.<BeginExecuteCore>b__18(IAsyncResult asyncResult)
   在 System.Web.Mvc.Async.AsyncResultWrapper.<>c__DisplayClass4.<MakeVoidDelegate>b__3(IAsyncResult ar)
   在 System.Web.Mvc.Async.AsyncResultWrapper.WrappedAsyncResult`1.End()
   在 System.Web.Mvc.Controller.EndExecuteCore(IAsyncResult asyncResult)
   在 System.Web.Mvc.Async.AsyncResultWrapper.<>c__DisplayClass4.<MakeVoidDelegate>b__3(IAsyncResult ar)
   在 System.Web.Mvc.Async.AsyncResultWrapper.WrappedAsyncResult`1.End()
   在 System.Web.Mvc.Controller.EndExecute(IAsyncResult asyncResult)
   在 System.Web.Mvc.Controller.System.Web.Mvc.Async.IAsyncController.EndExecute(IAsyncResult asyncResult)
   在 System.Web.Mvc.MvcHandler.<>c__DisplayClass8.<BeginProcessRequest>b__3(IAsyncResult asyncResult)
   在 System.Web.Mvc.Async.AsyncResultWrapper.<>c__DisplayClass4.<MakeVoidDelegate>b__3(IAsyncResult ar)
   在 System.Web.Mvc.Async.AsyncResultWrapper.WrappedAsyncResult`1.End()
   在 System.Web.Mvc.MvcHandler.EndProcessRequest(IAsyncResult asyncResult)
   在 System.Web.Mvc.MvcHandler.System.Web.IHttpAsyncHandler.EndProcessRequest(IAsyncResult result)
   在 System.Web.HttpApplication.CallHandlerExecutionStep.System.Web.HttpApplication.IExecutionStep.Execute()
   在 System.Web.HttpApplication.ExecuteStep(IExecutionStep step, Boolean& completedSynchronously)
2016-06-14 20:09:20.0103 - INFO:IP=::1|Controller=Home|Action=submit|TimeStamp=2016/6/14 20:09:20| MvcApplication3.Filters.ExecutionTimingAttribute.OnActionExecuting(d:\MyConfiguration\spz33386\Documents\Visual Studio 2012\Projects\MvcApplication3\MvcApplication3\Filters\ExecutionTimingAttribute.cs:46) 
2016-06-14 20:21:47.1703 - INFO:IP=::1|Controller=Home|Action=Index|TimeStamp=2016/6/14 20:21:47| MvcApplication3.Filters.ExecutionTimingAttribute.OnActionExecuting(d:\MyConfiguration\spz33386\Documents\Visual Studio 2012\Projects\MvcApplication3\MvcApplication3\Filters\ExecutionTimingAttribute.cs:45) 
2016-06-14 20:21:53.6983 - INFO:IP=::1|Controller=Home|Action=submit|TimeStamp=2016/6/14 20:21:53| MvcApplication3.Filters.ExecutionTimingAttribute.OnActionExecuting(d:\MyConfiguration\spz33386\Documents\Visual Studio 2012\Projects\MvcApplication3\MvcApplication3\Filters\ExecutionTimingAttribute.cs:45) 
2016-06-14 20:36:34.0633 - INFO:IP=::1|Controller=Home|Action=submit|TimeStamp=2016/6/14 20:22:00| MvcApplication3.Filters.ExecutionTimingAttribute.OnActionExecuting(d:\MyConfiguration\spz33386\Documents\Visual Studio 2012\Projects\MvcApplication3\MvcApplication3\Filters\ExecutionTimingAttribute.cs:45) 
2016-06-14 20:44:13.1883 - INFO:IP=::1|Controller=Home|Action=Index|TimeStamp=2016/6/14 20:44:00|RequestData=[null]| MvcApplication3.Filters.ExecutionTimingAttribute.OnActionExecuting(d:\MyConfiguration\spz33386\Documents\Visual Studio 2012\Projects\MvcApplication3\MvcApplication3\Filters\ExecutionTimingAttribute.cs:51) 
2016-06-14 20:44:21.3643 - INFO:IP=::1|Controller=Home|Action=submit|TimeStamp=2016/6/14 20:44:19|RequestData=[{"ClientName":"Pengzhen","Date":"2016-06-14T20:44:19.7+08:00","TermsAccepted":true}]| MvcApplication3.Filters.ExecutionTimingAttribute.OnActionExecuting(d:\MyConfiguration\spz33386\Documents\Visual Studio 2012\Projects\MvcApplication3\MvcApplication3\Filters\ExecutionTimingAttribute.cs:51) 
