2016-06-15 17:59:18.1208 - INFO:IP=::1|Controller=Home|Action=Index|TimeStamp=06/15/2016 17:59:15|RequestData=[null]| MvcApplication3.Filters.LogInfoMessage.OnActionExecuting(d:\MyConfiguration\spz33386\Documents\Visual Studio 2012\Projects\MvcApplication3\MvcApplication3\Filters\ExecutionTimingAttribute.cs:113) 
2016-06-15 17:59:18.9798 - INFO:IP=::1|Controller=Home|Action=Index|TimeStamp=06/15/2016 17:59:18|RequestData=[null]|ExectionTime=886ms + |ResponseData={"ClientName":"sven","Date":"2016-06-15T00:00:00+08:00","TermsAccepted":true}| MvcApplication3.Filters.LogInfoMessage.OnActionExecuted(d:\MyConfiguration\spz33386\Documents\Visual Studio 2012\Projects\MvcApplication3\MvcApplication3\Filters\ExecutionTimingAttribute.cs:140) 
2016-06-15 17:59:24.9890 - INFO:IP=::1|Controller=Home|Action=submit2|TimeStamp=06/15/2016 17:59:22|RequestData=[{"ClientName":"Pengzhen","Date":"2016-07-07T00:00:00+08:00","TermsAccepted":true}]| MvcApplication3.Filters.LogInfoMessage.OnActionExecuting(d:\MyConfiguration\spz33386\Documents\Visual Studio 2012\Projects\MvcApplication3\MvcApplication3\Filters\ExecutionTimingAttribute.cs:113) 
2016-06-15 17:59:28.9268 - INFO:IP=::1|Controller=Home|Action=submit2|TimeStamp=06/15/2016 17:59:28|RequestData=[{"ClientName":"Pengzhen","Date":"2016-07-07T00:00:00+08:00","TermsAccepted":true}]|ExectionTime=3934ms + |ResponseData={"ClientName":"sven","Date":"2016-06-15T00:00:00+08:00","TermsAccepted":true}| MvcApplication3.Filters.LogInfoMessage.OnActionExecuted(d:\MyConfiguration\spz33386\Documents\Visual Studio 2012\Projects\MvcApplication3\MvcApplication3\Filters\ExecutionTimingAttribute.cs:140) 
2016-06-15 17:59:54.8500 - ERROR:在执行 controller[Home] 的 action[submit2] 时产生异常 MvcApplication3.Filters.JsonExceptionAttribute.OnException(d:\MyConfiguration\spz33386\Documents\Visual Studio 2012\Projects\MvcApplication3\MvcApplication3\Filters\JsonExceptionAttribute.cs:26) System.DivideByZeroException 尝试除以零。 MvcApplication3.ViewModel.OrderView getOrderbyID(MvcApplication3.ParaModel.OrderParaModel)    在 MvcApplication3.Service.OrderService.getOrderbyID(OrderParaModel orderParaModel) 位置 d:\MyConfiguration\spz33386\Documents\Visual Studio 2012\Projects\MvcApplication3\MvcApplication3\Service\OrderService.cs:行号 30
   在 MvcApplication3.Controllers.HomeController.Submit2(OrderParaModel orderParaModel) 位置 d:\MyConfiguration\spz33386\Documents\Visual Studio 2012\Projects\MvcApplication3\MvcApplication3\Controllers\HomeController.cs:行号 51
   在 lambda_method(Closure , ControllerBase , Object[] )
   在 System.Web.Mvc.ActionMethodDispatcher.Execute(ControllerBase controller, Object[] parameters)
   在 System.Web.Mvc.ReflectedActionDescriptor.Execute(ControllerContext controllerContext, IDictionary`2 parameters)
   在 System.Web.Mvc.ControllerActionInvoker.InvokeActionMethod(ControllerContext controllerContext, ActionDescriptor actionDescriptor, IDictionary`2 parameters)
   在 System.Web.Mvc.Async.AsyncControllerActionInvoker.<>c__DisplayClass42.<BeginInvokeSynchronousActionMethod>b__41()
   在 System.Web.Mvc.Async.AsyncResultWrapper.<>c__DisplayClass8`1.<BeginSynchronous>b__7(IAsyncResult _)
   在 System.Web.Mvc.Async.AsyncResultWrapper.WrappedAsyncResult`1.End()
   在 System.Web.Mvc.Async.AsyncControllerActionInvoker.EndInvokeActionMethod(IAsyncResult asyncResult)
   在 System.Web.Mvc.Async.AsyncControllerActionInvoker.<>c__DisplayClass37.<>c__DisplayClass39.<BeginInvokeActionMethodWithFilters>b__33()
   在 System.Web.Mvc.Async.AsyncControllerActionInvoker.<>c__DisplayClass4f.<InvokeActionMethodFilterAsynchronously>b__49()
   在 System.Web.Mvc.Async.AsyncControllerActionInvoker.<>c__DisplayClass4f.<InvokeActionMethodFilterAsynchronously>b__49()
   在 System.Web.Mvc.Async.AsyncControllerActionInvoker.<>c__DisplayClass37.<BeginInvokeActionMethodWithFilters>b__36(IAsyncResult asyncResult)
   在 System.Web.Mvc.Async.AsyncResultWrapper.WrappedAsyncResult`1.End()
   在 System.Web.Mvc.Async.AsyncControllerActionInvoker.EndInvokeActionMethodWithFilters(IAsyncResult asyncResult)
   在 System.Web.Mvc.Async.AsyncControllerActionInvoker.<>c__DisplayClass25.<>c__DisplayClass2a.<BeginInvokeAction>b__20()
   在 System.Web.Mvc.Async.AsyncControllerActionInvoker.<>c__DisplayClass25.<BeginInvokeAction>b__22(IAsyncResult asyncResult)
2016-06-15 18:28:10.6470 - INFO:IP=::1|Controller=Home|Action=Index|TimeStamp=06/15/2016 18:28:07|RequestData=[null]| MvcApplication3.Filters.LogInfoMessage.OnActionExecuting(d:\MyConfiguration\spz33386\Documents\Visual Studio 2012\Projects\MvcApplication3\MvcApplication3\Filters\ExecutionTimingAttribute.cs:113) 
2016-06-15 18:28:24.7320 - INFO:IP=::1|Controller=Home|Action=Index|TimeStamp=06/15/2016 18:28:24|RequestData=[null]|ExectionTime=14087ms + |ResponseData={"ClientName":"sven","Date":"2016-06-15T00:00:00+08:00","TermsAccepted":true}| MvcApplication3.Filters.LogInfoMessage.OnActionExecuted(d:\MyConfiguration\spz33386\Documents\Visual Studio 2012\Projects\MvcApplication3\MvcApplication3\Filters\ExecutionTimingAttribute.cs:140) 
