2016-06-17 14:35:13.2408 - INFO:URL=http://localhost:31980/|Status=200|IP=::1|Controller=Home|Action=Index|StartTime=06/17/2016 14:35:08|RequestData=[null]|EndTime=06/17/2016 14:35:11|ResponseData=06/17/2016 14:35:11|responseData={"ClientName":"sven","Date":"2016-06-17T00:00:00+08:00","TermsAccepted":true}|Message=| MvcApplication3.Filters.LogInfoMessage.OnActionExecuted(d:\OwnRepor\test\MvcApplication3\MvcApplication3\Filters\ExecutionTimingAttribute.cs:180) 
2016-06-17 14:35:17.3568 - ERROR:全局异常,url:http://localhost:31980/Json/Home/submit2 MvcApplication3.MvcApplication.Application_Error(d:\OwnRepor\test\MvcApplication3\MvcApplication3\Global.asax.cs:35) System.InvalidOperationException RouteData 必须包含名为“controller”且值为非空字符串的项。 System.String GetRequiredString(System.String)    在 System.Web.Routing.RouteData.GetRequiredString(String valueName)
   在 MvcApplication3.Handler.CustomeRouteHandler.GetHttpHandler(RequestContext requestContext) 位置 d:\OwnRepor\test\MvcApplication3\MvcApplication3\Handler\CustomeRouteHandler.cs:行号 23
   在 System.Web.Routing.UrlRoutingModule.PostResolveRequestCache(HttpContextBase context)
   在 System.Web.Routing.UrlRoutingModule.OnApplicationPostResolveRequestCache(Object sender, EventArgs e)
   在 System.Web.HttpApplication.SyncEventExecutionStep.System.Web.HttpApplication.IExecutionStep.Execute()
   在 System.Web.HttpApplication.ExecuteStep(IExecutionStep step, Boolean& completedSynchronously)
2016-06-17 14:35:48.0578 - ERROR:全局异常,url:http://localhost:31980/Json/Home/submit2 MvcApplication3.MvcApplication.Application_Error(d:\OwnRepor\test\MvcApplication3\MvcApplication3\Global.asax.cs:35) System.InvalidOperationException RouteData 必须包含名为“controller”且值为非空字符串的项。 System.String GetRequiredString(System.String)    在 System.Web.Routing.RouteData.GetRequiredString(String valueName)
   在 MvcApplication3.Handler.CustomeRouteHandler.GetHttpHandler(RequestContext requestContext) 位置 d:\OwnRepor\test\MvcApplication3\MvcApplication3\Handler\CustomeRouteHandler.cs:行号 23
   在 System.Web.Routing.UrlRoutingModule.PostResolveRequestCache(HttpContextBase context)
   在 System.Web.Routing.UrlRoutingModule.OnApplicationPostResolveRequestCache(Object sender, EventArgs e)
   在 System.Web.HttpApplication.SyncEventExecutionStep.System.Web.HttpApplication.IExecutionStep.Execute()
   在 System.Web.HttpApplication.ExecuteStep(IExecutionStep step, Boolean& completedSynchronously)
2016-06-17 14:38:01.3278 - ERROR:全局异常,url:http://localhost:31980/Json/Home/submit2 MvcApplication3.MvcApplication.Application_Error(d:\OwnRepor\test\MvcApplication3\MvcApplication3\Global.asax.cs:35) System.InvalidOperationException RouteData 必须包含名为“controller”且值为非空字符串的项。 System.String GetRequiredString(System.String)    在 System.Web.Routing.RouteData.GetRequiredString(String valueName)
   在 MvcApplication3.Handler.CustomeRouteHandler.GetHttpHandler(RequestContext requestContext) 位置 d:\OwnRepor\test\MvcApplication3\MvcApplication3\Handler\CustomeRouteHandler.cs:行号 23
   在 System.Web.Routing.UrlRoutingModule.PostResolveRequestCache(HttpContextBase context)
   在 System.Web.Routing.UrlRoutingModule.OnApplicationPostResolveRequestCache(Object sender, EventArgs e)
   在 System.Web.HttpApplication.SyncEventExecutionStep.System.Web.HttpApplication.IExecutionStep.Execute()
   在 System.Web.HttpApplication.ExecuteStep(IExecutionStep step, Boolean& completedSynchronously)
2016-06-17 14:38:27.8398 - INFO:URL=http://localhost:31980/|Status=200|IP=::1|Controller=Home|Action=Index|StartTime=06/17/2016 14:38:23|RequestData=[null]|EndTime=06/17/2016 14:38:26|ResponseData=06/17/2016 14:38:26|responseData={"ClientName":"sven","Date":"2016-06-17T00:00:00+08:00","TermsAccepted":true}|Message=| MvcApplication3.Filters.LogInfoMessage.OnActionExecuted(d:\OwnRepor\test\MvcApplication3\MvcApplication3\Filters\ExecutionTimingAttribute.cs:180) 
2016-06-17 16:26:10.9528 - INFO:URL=http://localhost:31980/|Status=200|IP=::1|Controller=Home|Action=Index|StartTime=06/17/2016 16:25:44|RequestData=[null]|EndTime=06/17/2016 16:26:09|ResponseData=06/17/2016 16:26:09|responseData={"ClientName":"sven","Date":"2016-06-17T00:00:00+08:00","TermsAccepted":true}|Message=| MvcApplication3.Filters.LogInfoMessage.OnActionExecuted(d:\OwnRepor\test\MvcApplication3\MvcApplication3\Filters\ExecutionTimingAttribute.cs:180) 
2016-06-17 16:37:52.1778 - ERROR:全局异常,url:http://localhost:31980/Json/OrderQueryService/OrderbyId MvcApplication3.MvcApplication.Application_Error(d:\OwnRepor\test\MvcApplication3\MvcApplication3\Global.asax.cs:35) System.DivideByZeroException 尝试除以零。 MvcApplication3.ViewModel.OrderView OrderbyId()    在 MvcApplication3.Service.OrderQueryService.OrderbyId() 位置 d:\OwnRepor\test\MvcApplication3\MvcApplication3\Service\OrderQueryService.cs:行号 36
2016-06-17 16:46:09.0328 - INFO:URL=http://localhost:31980/|Status=200|IP=::1|Controller=Home|Action=Index|StartTime=06/17/2016 16:46:03|RequestData=[null]|EndTime=06/17/2016 16:46:08|ResponseData=06/17/2016 16:46:08|responseData={"ClientName":"sven","Date":"2016-06-17T00:00:00+08:00","TermsAccepted":true}|Message=| MvcApplication3.Filters.LogInfoMessage.OnActionExecuted(d:\OwnRepor\test\MvcApplication3\MvcApplication3\Filters\ExecutionTimingAttribute.cs:180) 
2016-06-17 16:48:13.6268 - ERROR:全局异常,url:http://localhost:31980/Json/OrderQueryService/OrderbyId MvcApplication3.MvcApplication.Application_Error(d:\OwnRepor\test\MvcApplication3\MvcApplication3\Global.asax.cs:35) System.DivideByZeroException 尝试除以零。 MvcApplication3.ViewModel.OrderView OrderbyId()    在 MvcApplication3.Service.OrderQueryService.OrderbyId() 位置 d:\OwnRepor\test\MvcApplication3\MvcApplication3\Service\OrderQueryService.cs:行号 36
2016-06-17 16:48:54.7138 - INFO:URL=http://localhost:31980/|Status=200|IP=::1|Controller=Home|Action=Index|StartTime=06/17/2016 16:48:34|RequestData=[null]|EndTime=06/17/2016 16:48:53|ResponseData=06/17/2016 16:48:53|responseData={"ClientName":"sven","Date":"2016-06-17T00:00:00+08:00","TermsAccepted":true}|Message=| MvcApplication3.Filters.LogInfoMessage.OnActionExecuted(d:\OwnRepor\test\MvcApplication3\MvcApplication3\Filters\ExecutionTimingAttribute.cs:180) 
2016-06-17 16:58:48.7558 - INFO:URL=http://localhost:31980/|Status=200|IP=::1|Controller=Home|Action=Index|StartTime=06/17/2016 16:58:43|RequestData=[null]|EndTime=06/17/2016 16:58:47|ResponseData=06/17/2016 16:58:47|responseData={"ClientName":"sven","Date":"2016-06-17T00:00:00+08:00","TermsAccepted":true}|Message=| MvcApplication3.Filters.LogInfoMessage.OnActionExecuted(d:\OwnRepor\test\MvcApplication3\MvcApplication3\Filters\ExecutionTimingAttribute.cs:180) 
2016-06-17 17:01:33.1788 - INFO:URL=http://localhost:31980/|Status=200|IP=::1|Controller=Home|Action=Index|StartTime=06/17/2016 17:01:28|RequestData=[null]|EndTime=06/17/2016 17:01:32|ResponseData=06/17/2016 17:01:32|responseData={"ClientName":"sven","Date":"2016-06-17T00:00:00+08:00","TermsAccepted":true}|Message=| MvcApplication3.Filters.LogInfoMessage.OnActionExecuted(d:\OwnRepor\test\MvcApplication3\MvcApplication3\Filters\ExecutionTimingAttribute.cs:180) 
2016-06-17 17:22:18.8478 - INFO:URL=http://localhost:31980/|Status=200|IP=::1|Controller=Home|Action=Index|StartTime=06/17/2016 17:22:10|RequestData=[null]|EndTime=06/17/2016 17:22:17|ResponseData=06/17/2016 17:22:17|responseData={"ClientName":"sven","Date":"2016-06-17T00:00:00+08:00","TermsAccepted":true}|Message=| MvcApplication3.Filters.LogInfoMessage.OnActionExecuted(d:\OwnRepor\test\MvcApplication3\MvcApplication3\Filters\ExecutionTimingAttribute.cs:180) 
